<?xml version="1.0" encoding="UTF-8"?>
<!-- Generated by org.testng.reporters.JUnitReportReporter -->
<testsuite hostname="DESKTOP-F6VV9DO" failures="0" tests="1" name="testAPI.TestAPIS" time="2.441" errors="0" timestamp="2023-02-22T15:33:41 EET" skipped="0">
  <testcase classname="testAPI.TestAPIS" name="getAllFilmsTest" time="2.441"/>
  <system-out/>
</testsuite> <!-- testAPI.TestAPIS -->
